<?xml version="1.0" encoding="UTF-8"?>
<!-- Generated by org.testng.reporters.JUnitXMLReporter -->
<testsuite ignored="1" hostname="DESKTOP-ILARKNK" failures="0" tests="1" name="Default test" time="4.737" errors="0" timestamp="04 Oct 2024 09:04:38 GMT">
  <testcase classname="swaglabs.LoginTest" name="LoginSuccessTest" time="0.854"/>
  <testcase classname="swaglabs.LoginTest" name="LoginFailiureTest" time="0.0">
    <ignored/>
  </testcase> <!-- LoginFailiureTest -->
</testsuite> <!-- Default test -->
